\BOOKMARK [1][-]{section.1}{Introduction}{}% 1
\BOOKMARK [2][-]{subsection.1.1}{Contributions}{section.1}% 2
\BOOKMARK [2][-]{subsection.1.2}{Related\040Work}{section.1}% 3
\BOOKMARK [1][-]{section.2}{Lewis's\040Original\040Framework}{}% 4
\BOOKMARK [2][-]{subsection.2.1}{Core\040Definitions}{section.2}% 5
\BOOKMARK [2][-]{subsection.2.2}{Justification\040Logic\040Framework}{section.2}% 6
\BOOKMARK [2][-]{subsection.2.3}{The\040R-Closure}{section.2}% 7
\BOOKMARK [2][-]{subsection.2.4}{Lewis's\040Main\040Theorem}{section.2}% 8
\BOOKMARK [2][-]{subsection.2.5}{Derived\040Results}{section.2}% 9
\BOOKMARK [1][-]{section.3}{Sillari's\040Modal\040Formalization}{}% 10
\BOOKMARK [2][-]{subsection.3.1}{Kripke\040Semantics\040Approach}{section.3}% 11
\BOOKMARK [2][-]{subsection.3.2}{Common\040Reason\040to\040Believe\040via\040Reachability}{section.3}% 12
\BOOKMARK [1][-]{section.4}{Failure\040of\040Sillari's\040Formalization}{}% 13
\BOOKMARK [2][-]{subsection.4.1}{Axiom\040B3\040Fails\040\(Lewis's\040A1\)}{section.4}% 14
\BOOKMARK [2][-]{subsection.4.2}{Axiom\040C4\040Also\040Fails}{section.4}% 15
\BOOKMARK [2][-]{subsection.4.3}{Lewis's\040Theorem:\040Two\040Failed\040Interpretations}{section.4}% 16
\BOOKMARK [3][-]{subsubsection.4.3.1}{Local\040Interpretation\040\(FALSE\)}{subsection.4.3}% 17
\BOOKMARK [3][-]{subsubsection.4.3.2}{Global\040Interpretation\040\(TRIVIAL\)}{subsection.4.3}% 18
\BOOKMARK [1][-]{section.5}{Implementation\040Statistics}{}% 19
\BOOKMARK [1][-]{section.6}{Discussion}{}% 20
\BOOKMARK [2][-]{subsection.6.1}{Why\040Sillari's\040Approach\040Fails}{section.6}% 21
\BOOKMARK [2][-]{subsection.6.2}{Advantages\040of\040Justification\040Logic}{section.6}% 22
\BOOKMARK [2][-]{subsection.6.3}{Implications\040for\040Convention\040Theory}{section.6}% 23
\BOOKMARK [1][-]{section.7}{Conclusion}{}% 24
\BOOKMARK [2][-]{subsection.7.1}{Code\040Availability}{section.7}% 25
